<?xml version="1.0" encoding="UTF-8"?>
<!-- Generated by org.testng.reporters.JUnitReportReporter -->
<testsuite hostname="K51KNRO9GVKA708" name="day01.login" tests="1" failures="0" timestamp="25 Mar 2019 03:07:27 GMT" time="5.400" errors="0">
  <testcase name="kaos" time="5.400" classname="day01.login"/>
</testsuite> <!-- day01.login -->
